Thu Nov  4 20:46:11 2021: Log opened.
Thu Nov  4 20:46:11 2021: File: C:\Users\odaly\OneDrive\Documentos\NTUSER.DAT
Thu Nov  4 20:46:11 2021: Environment set up.
Thu Nov  4 20:46:11 2021: Parsed Plugins file ntuser
Thu Nov  4 20:46:11 2021: Launching logonusername v.20080324
Thu Nov  4 20:46:11 2021: Error in logonusername: Cannot handle date (0, 0, 0, 1, 0, 2070) at PERL2EXE_STORAGE/Parse/Win32Registry.pm line 101

Thu Nov  4 20:46:11 2021: 1 plugins completed with errors.
Thu Nov  4 20:46:11 2021: logonusername complete.
Thu Nov  4 20:46:11 2021: Launching acmru v.20080324
Thu Nov  4 20:46:11 2021: Error in acmru: Cannot handle date (0, 0, 0, 1, 0, 2070) at PERL2EXE_STORAGE/Parse/Win32Registry.pm line 101

Thu Nov  4 20:46:11 2021: 2 plugins completed with errors.
Thu Nov  4 20:46:11 2021: acmru complete.
Thu Nov  4 20:46:11 2021: Launching adoberdr v.20080324
Thu Nov  4 20:46:11 2021: Error in adoberdr: Cannot handle date (0, 0, 0, 1, 0, 2070) at PERL2EXE_STORAGE/Parse/Win32Registry.pm line 101

Thu Nov  4 20:46:11 2021: 3 plugins completed with errors.
Thu Nov  4 20:46:11 2021: adoberdr complete.
Thu Nov  4 20:46:11 2021: Launching aim plugin v.20080325
Thu Nov  4 20:46:11 2021: Error in aim: Cannot handle date (0, 0, 0, 1, 0, 2070) at PERL2EXE_STORAGE/Parse/Win32Registry.pm line 101

Thu Nov  4 20:46:11 2021: 4 plugins completed with errors.
Thu Nov  4 20:46:11 2021: aim complete.
Thu Nov  4 20:46:11 2021: Launching applets v.20080324
Thu Nov  4 20:46:11 2021: Error in applets: Cannot handle date (0, 0, 0, 1, 0, 2070) at PERL2EXE_STORAGE/Parse/Win32Registry.pm line 101

Thu Nov  4 20:46:11 2021: 5 plugins completed with errors.
Thu Nov  4 20:46:11 2021: applets complete.
Thu Nov  4 20:46:11 2021: Launching fileexts v.20080818
Thu Nov  4 20:46:11 2021: Error in fileexts: Cannot handle date (0, 0, 0, 1, 0, 2070) at PERL2EXE_STORAGE/Parse/Win32Registry.pm line 101

Thu Nov  4 20:46:11 2021: 6 plugins completed with errors.
Thu Nov  4 20:46:11 2021: fileexts complete.
Thu Nov  4 20:46:11 2021: Launching comdlg32 v.20080324
Thu Nov  4 20:46:11 2021: Error in comdlg32: Cannot handle date (0, 0, 0, 1, 0, 2070) at PERL2EXE_STORAGE/Parse/Win32Registry.pm line 101

Thu Nov  4 20:46:11 2021: 7 plugins completed with errors.
Thu Nov  4 20:46:11 2021: comdlg32 complete.
Thu Nov  4 20:46:11 2021: Launching compdesc v.20080324
Thu Nov  4 20:46:11 2021: Error in compdesc: Cannot handle date (0, 0, 0, 1, 0, 2070) at PERL2EXE_STORAGE/Parse/Win32Registry.pm line 101

Thu Nov  4 20:46:11 2021: 8 plugins completed with errors.
Thu Nov  4 20:46:11 2021: compdesc complete.
Thu Nov  4 20:46:11 2021: Launching controlpanel v.20080428
Thu Nov  4 20:46:11 2021: Error in controlpanel: Cannot handle date (0, 0, 0, 1, 0, 2070) at PERL2EXE_STORAGE/Parse/Win32Registry.pm line 101

Thu Nov  4 20:46:11 2021: 9 plugins completed with errors.
Thu Nov  4 20:46:11 2021: controlpanel complete.
Thu Nov  4 20:46:11 2021: Launching mmc v.20080324
Thu Nov  4 20:46:11 2021: Error in mmc: Cannot handle date (0, 0, 0, 1, 0, 2070) at PERL2EXE_STORAGE/Parse/Win32Registry.pm line 101

Thu Nov  4 20:46:11 2021: 10 plugins completed with errors.
Thu Nov  4 20:46:11 2021: mmc complete.
Thu Nov  4 20:46:11 2021: Launching mndmru v.20080324
Thu Nov  4 20:46:11 2021: Error in mndmru: Cannot handle date (0, 0, 0, 1, 0, 2070) at PERL2EXE_STORAGE/Parse/Win32Registry.pm line 101

Thu Nov  4 20:46:11 2021: 11 plugins completed with errors.
Thu Nov  4 20:46:11 2021: mndmru complete.
Thu Nov  4 20:46:11 2021: Launching mp2 v.20080324
Thu Nov  4 20:46:11 2021: Error in mp2: Cannot handle date (0, 0, 0, 1, 0, 2070) at PERL2EXE_STORAGE/Parse/Win32Registry.pm line 101

Thu Nov  4 20:46:11 2021: 12 plugins completed with errors.
Thu Nov  4 20:46:11 2021: mp2 complete.
Thu Nov  4 20:46:11 2021: Launching mpmru v.20080324
Thu Nov  4 20:46:11 2021: Error in mpmru: Cannot handle date (0, 0, 0, 1, 0, 2070) at PERL2EXE_STORAGE/Parse/Win32Registry.pm line 101

Thu Nov  4 20:46:11 2021: 13 plugins completed with errors.
Thu Nov  4 20:46:11 2021: mpmru complete.
Thu Nov  4 20:46:11 2021: Launching mspaper v.20080324
Thu Nov  4 20:46:11 2021: Error in mspaper: Cannot handle date (0, 0, 0, 1, 0, 2070) at PERL2EXE_STORAGE/Parse/Win32Registry.pm line 101

Thu Nov  4 20:46:11 2021: 14 plugins completed with errors.
Thu Nov  4 20:46:11 2021: mspaper complete.
Thu Nov  4 20:46:11 2021: Launching officedocs v.20080324
Thu Nov  4 20:46:11 2021: Error in officedocs: Cannot handle date (0, 0, 0, 1, 0, 2070) at PERL2EXE_STORAGE/Parse/Win32Registry.pm line 101

Thu Nov  4 20:46:11 2021: 15 plugins completed with errors.
Thu Nov  4 20:46:11 2021: officedocs complete.
Thu Nov  4 20:46:11 2021: Launching recentdocs v.20080418
Thu Nov  4 20:46:11 2021: Error in recentdocs: Cannot handle date (0, 0, 0, 1, 0, 2070) at PERL2EXE_STORAGE/Parse/Win32Registry.pm line 101

Thu Nov  4 20:46:11 2021: 16 plugins completed with errors.
Thu Nov  4 20:46:11 2021: recentdocs complete.
Thu Nov  4 20:46:11 2021: Launching realplayer6 v.20080324
Thu Nov  4 20:46:11 2021: Error in realplayer6: Cannot handle date (0, 0, 0, 1, 0, 2070) at PERL2EXE_STORAGE/Parse/Win32Registry.pm line 101

Thu Nov  4 20:46:11 2021: 17 plugins completed with errors.
Thu Nov  4 20:46:11 2021: realplayer6 complete.
Thu Nov  4 20:46:11 2021: Launching runmru v.20080324
Thu Nov  4 20:46:11 2021: Error in runmru: Cannot handle date (0, 0, 0, 1, 0, 2070) at PERL2EXE_STORAGE/Parse/Win32Registry.pm line 101

Thu Nov  4 20:46:11 2021: 18 plugins completed with errors.
Thu Nov  4 20:46:11 2021: runmru complete.
Thu Nov  4 20:46:11 2021: Launching tsclient v.20080324
Thu Nov  4 20:46:11 2021: Error in tsclient: Cannot handle date (0, 0, 0, 1, 0, 2070) at PERL2EXE_STORAGE/Parse/Win32Registry.pm line 101

Thu Nov  4 20:46:11 2021: 19 plugins completed with errors.
Thu Nov  4 20:46:11 2021: tsclient complete.
Thu Nov  4 20:46:11 2021: Launching typedurls v.20080324
Thu Nov  4 20:46:11 2021: Error in typedurls: Cannot handle date (0, 0, 0, 1, 0, 2070) at PERL2EXE_STORAGE/Parse/Win32Registry.pm line 101

Thu Nov  4 20:46:11 2021: 20 plugins completed with errors.
Thu Nov  4 20:46:11 2021: typedurls complete.
Thu Nov  4 20:46:11 2021: Launching muicache v.20080324
Thu Nov  4 20:46:11 2021: Error in muicache: Cannot handle date (0, 0, 0, 1, 0, 2070) at PERL2EXE_STORAGE/Parse/Win32Registry.pm line 101

Thu Nov  4 20:46:11 2021: 21 plugins completed with errors.
Thu Nov  4 20:46:11 2021: muicache complete.
Thu Nov  4 20:46:11 2021: Launching UserAssist (Active Desktop) v.20080726
Thu Nov  4 20:46:11 2021: Error in userassist: Cannot handle date (0, 0, 0, 1, 0, 2070) at PERL2EXE_STORAGE/Parse/Win32Registry.pm line 101

Thu Nov  4 20:46:11 2021: 22 plugins completed with errors.
Thu Nov  4 20:46:11 2021: userassist complete.
Thu Nov  4 20:46:12 2021: Launching user_run v.20080328
Thu Nov  4 20:46:12 2021: Error in user_run: Cannot handle date (0, 0, 0, 1, 0, 2070) at PERL2EXE_STORAGE/Parse/Win32Registry.pm line 101

Thu Nov  4 20:46:12 2021: 23 plugins completed with errors.
Thu Nov  4 20:46:12 2021: user_run complete.
Thu Nov  4 20:46:12 2021: Launching vncviewer v.20080325
Thu Nov  4 20:46:12 2021: Error in vncviewer: Cannot handle date (0, 0, 0, 1, 0, 2070) at PERL2EXE_STORAGE/Parse/Win32Registry.pm line 101

Thu Nov  4 20:46:12 2021: 24 plugins completed with errors.
Thu Nov  4 20:46:12 2021: vncviewer complete.
Thu Nov  4 20:46:12 2021: Launching WinZip v.20080325
Thu Nov  4 20:46:12 2021: Error in winzip: Cannot handle date (0, 0, 0, 1, 0, 2070) at PERL2EXE_STORAGE/Parse/Win32Registry.pm line 101

Thu Nov  4 20:46:12 2021: 25 plugins completed with errors.
Thu Nov  4 20:46:12 2021: winzip complete.
Thu Nov  4 20:46:12 2021: Launching user_win v.20080415
Thu Nov  4 20:46:12 2021: Error in user_win: Cannot handle date (0, 0, 0, 1, 0, 2070) at PERL2EXE_STORAGE/Parse/Win32Registry.pm line 101

Thu Nov  4 20:46:12 2021: 26 plugins completed with errors.
Thu Nov  4 20:46:12 2021: user_win complete.
Thu Nov  4 20:46:12 2021: Launching winrar v.20080819
Thu Nov  4 20:46:12 2021: Error in winrar: Cannot handle date (0, 0, 0, 1, 0, 2070) at PERL2EXE_STORAGE/Parse/Win32Registry.pm line 101

Thu Nov  4 20:46:12 2021: 27 plugins completed with errors.
Thu Nov  4 20:46:12 2021: winrar complete.
Thu Nov  4 20:46:12 2021: Launching wallpaper v.200800810
Thu Nov  4 20:46:12 2021: Error in wallpaper: Cannot handle date (0, 0, 0, 1, 0, 2070) at PERL2EXE_STORAGE/Parse/Win32Registry.pm line 101

Thu Nov  4 20:46:12 2021: 28 plugins completed with errors.
Thu Nov  4 20:46:12 2021: wallpaper complete.
Thu Nov  4 20:46:12 2021: Launching vista_bitbucket v.20080420
Thu Nov  4 20:46:12 2021: Error in vista_bitbucket: Cannot handle date (0, 0, 0, 1, 0, 2070) at PERL2EXE_STORAGE/Parse/Win32Registry.pm line 101

Thu Nov  4 20:46:12 2021: 29 plugins completed with errors.
Thu Nov  4 20:46:12 2021: vista_bitbucket complete.
